<?xml version="1.0" encoding="UTF-8"?>
<!-- Generated by org.testng.reporters.JUnitReportReporter -->
<testsuite hostname="LAPTOP-DBNJDIUQ" failures="0" tests="2" name="test.HomePageTest" time="22.364" errors="0" timestamp="2022-06-08T13:15:13 IST" skipped="0">
  <testcase classname="test.HomePageTest" name="editprofilesection" time="12.345"/>
  <system-out/>
  <testcase classname="test.HomePageTest" name="profilesectionelements" time="10.019"/>
  <system-out/>
</testsuite> <!-- test.HomePageTest -->
