<?xml version="1.0" encoding="UTF-8"?>
<!-- Generated by org.testng.reporters.JUnitReportReporter -->
<testsuite hostname="LAPTOP-DBNJDIUQ" failures="0" tests="2" name="test.Profilesectiontest" time="96.167" errors="0" timestamp="2022-06-06T12:42:50 IST" skipped="0">
  <testcase classname="test.Profilesectiontest" name="editprofilesection" time="60.671"/>
  <system-out/>
  <testcase classname="test.Profilesectiontest" name="profilesectionelements" time="35.496"/>
  <system-out/>
</testsuite> <!-- test.Profilesectiontest -->
