<?xml version="1.0" encoding="UTF-8"?>
<!-- Generated by org.testng.reporters.JUnitReportReporter -->
<testsuite hostname="LAPTOP-DBNJDIUQ" failures="0" tests="2" name="test.LoginTest" time="31.270" errors="0" timestamp="2022-06-08T13:15:13 IST" skipped="0">
  <testcase classname="test.LoginTest" name="getlaunch" time="21.499"/>
  <system-out/>
  <testcase classname="test.LoginTest" name="loginbymobile" time="9.771"/>
  <system-out/>
</testsuite> <!-- test.LoginTest -->
